<?xml version="1.0" encoding="UTF-8" ?>
<testsuites>
  <testsuite errors="0" failures="7" hostname="gavin-mobile" id="0" name="LocationControllerSpec" package="inauthcodingchallange" tests="7" time="6.552" timestamp="2014-10-17T18:33:30">
      <properties />

      <testcase classname="inauthcodingchallange.LocationControllerSpec" name="Test the index action returns the correct model" time="5.456">
          <failure message="Condition not satisfied:&#xa;&#xa;model.locationInstanceCount == 0&#xa;|     |                     |&#xa;[:]   null                  false&#xa;" type="junit.framework.AssertionFailedError">junit.framework.AssertionFailedError: Condition not satisfied:

model.locationInstanceCount == 0
|     |                     |
[:]   null                  false

	at inauthcodingchallange.LocationControllerSpec.Test the index action returns the correct model(LocationControllerSpec.groovy:25)
</failure>

      </testcase>

      <testcase classname="inauthcodingchallange.LocationControllerSpec" name="Test the create action returns the correct model" time="0.196">
          <failure message="Condition not satisfied:&#xa;&#xa;model.locationInstance != null&#xa;|     |                |&#xa;[:]   null             false&#xa;" type="junit.framework.AssertionFailedError">junit.framework.AssertionFailedError: Condition not satisfied:

model.locationInstance != null
|     |                |
[:]   null             false

	at inauthcodingchallange.LocationControllerSpec.Test the create action returns the correct model(LocationControllerSpec.groovy:33)
</failure>

      </testcase>

      <testcase classname="inauthcodingchallange.LocationControllerSpec" name="Test the save action correctly persists an instance" time="0.564">
          <failure message="Condition not satisfied:&#xa;&#xa;model.locationInstance != null&#xa;|     |                |&#xa;[:]   null             false&#xa;" type="junit.framework.AssertionFailedError">junit.framework.AssertionFailedError: Condition not satisfied:

model.locationInstance != null
|     |                |
[:]   null             false

	at inauthcodingchallange.LocationControllerSpec.Test the save action correctly persists an instance(LocationControllerSpec.groovy:46)
</failure>

      </testcase>

      <testcase classname="inauthcodingchallange.LocationControllerSpec" name="Test that the show action returns the correct model" time="0.074">
          <failure message="Condition not satisfied:&#xa;&#xa;model.locationInstance == location&#xa;|     |                |  |&#xa;[:]   null             |  inauthcodingchallange.Location : (unsaved)&#xa;                       false&#xa;" type="junit.framework.AssertionFailedError">junit.framework.AssertionFailedError: Condition not satisfied:

model.locationInstance == location
|     |                |  |
[:]   null             |  inauthcodingchallange.Location : (unsaved)
                       false

	at inauthcodingchallange.LocationControllerSpec.Test that the show action returns the correct model(LocationControllerSpec.groovy:75)
</failure>

      </testcase>

      <testcase classname="inauthcodingchallange.LocationControllerSpec" name="Test that the edit action returns the correct model" time="0.051">
          <failure message="Condition not satisfied:&#xa;&#xa;model.locationInstance == location&#xa;|     |                |  |&#xa;[:]   null             |  inauthcodingchallange.Location : (unsaved)&#xa;                       false&#xa;" type="junit.framework.AssertionFailedError">junit.framework.AssertionFailedError: Condition not satisfied:

model.locationInstance == location
|     |                |  |
[:]   null             |  inauthcodingchallange.Location : (unsaved)
                       false

	at inauthcodingchallange.LocationControllerSpec.Test that the edit action returns the correct model(LocationControllerSpec.groovy:91)
</failure>

      </testcase>

      <testcase classname="inauthcodingchallange.LocationControllerSpec" name="Test the update action performs an update on a valid domain instance" time="0.096">
          <failure message="Condition not satisfied:&#xa;&#xa;response.redirectedUrl == &apos;/location/index&apos;&#xa;|        |             |&#xa;|        /addData      false&#xa;|                      13 differences (13% similarity)&#xa;|                      /(addD)at(a--------)&#xa;|                      /(loc-)at(ion/index)&#xa;org.codehaus.groovy.grails.plugins.testing.GrailsMockHttpServletResponse@e841026&#xa;" type="junit.framework.AssertionFailedError">junit.framework.AssertionFailedError: Condition not satisfied:

response.redirectedUrl == &apos;/location/index&apos;
|        |             |
|        /addData      false
|                      13 differences (13% similarity)
|                      /(addD)at(a--------)
|                      /(loc-)at(ion/index)
org.codehaus.groovy.grails.plugins.testing.GrailsMockHttpServletResponse@e841026

	at inauthcodingchallange.LocationControllerSpec.Test the update action performs an update on a valid domain instance(LocationControllerSpec.groovy:101)
</failure>

      </testcase>

      <testcase classname="inauthcodingchallange.LocationControllerSpec" name="Test that the delete action deletes an instance if it exists" time="0.049">
          <failure message="Condition not satisfied:&#xa;&#xa;response.redirectedUrl == &apos;/location/index&apos;&#xa;|        |             |&#xa;|        /addData      false&#xa;|                      13 differences (13% similarity)&#xa;|                      /(addD)at(a--------)&#xa;|                      /(loc-)at(ion/index)&#xa;org.codehaus.groovy.grails.plugins.testing.GrailsMockHttpServletResponse@62b65153&#xa;" type="junit.framework.AssertionFailedError">junit.framework.AssertionFailedError: Condition not satisfied:

response.redirectedUrl == &apos;/location/index&apos;
|        |             |
|        /addData      false
|                      13 differences (13% similarity)
|                      /(addD)at(a--------)
|                      /(loc-)at(ion/index)
org.codehaus.groovy.grails.plugins.testing.GrailsMockHttpServletResponse@62b65153

	at inauthcodingchallange.LocationControllerSpec.Test that the delete action deletes an instance if it exists(LocationControllerSpec.groovy:133)
</failure>

      </testcase>

      <system-out><![CDATA[--Output from Test the index action returns the correct model--
--Output from Test the create action returns the correct model--
--Output from Test the save action correctly persists an instance--
--Output from Test that the show action returns the correct model--
--Output from Test that the edit action returns the correct model--
--Output from Test the update action performs an update on a valid domain instance--
--Output from Test that the delete action deletes an instance if it exists--
]]></system-out>

      <system-err><![CDATA[--Output from Test the index action returns the correct model--
--Output from Test the create action returns the correct model--
--Output from Test the save action correctly persists an instance--
--Output from Test that the show action returns the correct model--
--Output from Test that the edit action returns the correct model--
--Output from Test the update action performs an update on a valid domain instance--
--Output from Test that the delete action deletes an instance if it exists--
]]></system-err>

  </testsuite>
</testsuites>
